<?xml version="1.0" encoding="UTF-8"?>
<!-- Generated by org.testng.reporters.JUnitReportReporter -->
<testsuite hostname="TISLAP30" failures="0" tests="14" name="com.admin.test.LoginFlow" time="529.820" errors="0" timestamp="2022-09-14T18:20:15 IST" skipped="0">
  <testcase classname="com.admin.test.LoginFlow" name="EmptyCredentials" time="5.721"/>
  <system-out/>
  <testcase classname="com.admin.test.LoginFlow" name="InvalidCredentialsBoth" time="15.411"/>
  <system-out/>
  <testcase classname="com.admin.test.LoginFlow" name="InvalidEmailValidPass" time="14.741"/>
  <system-out/>
  <testcase classname="com.admin.test.LoginFlow" name="ValidEmailInvalidPass" time="15.220"/>
  <system-out/>
  <testcase classname="com.admin.test.LoginFlow" name="EmptyMailvalidpassword" time="7.422"/>
  <system-out/>
  <testcase classname="com.admin.test.LoginFlow" name="ValidMailEmptydpassword" time="8.731"/>
  <system-out/>
  <testcase classname="com.admin.test.LoginFlow" name="ValidCredentials" time="14.485"/>
  <system-out/>
  <testcase classname="com.admin.test.LoginFlow" name="learnmore" time="7.590"/>
  <system-out/>
  <testcase classname="com.admin.test.LoginFlow" name="infoicon" time="29.713"/>
  <system-out/>
  <testcase classname="com.admin.test.LoginFlow" name="closeinfoicon" time="141.690"/>
  <system-out/>
  <testcase classname="com.admin.test.LoginFlow" name="Rememberme" time="143.731"/>
  <system-out/>
  <testcase classname="com.admin.test.LoginFlow" name="logout" time="65.193"/>
  <system-out/>
  <testcase classname="com.admin.test.LoginFlow" name="legacydashboard" time="14.968"/>
  <system-out/>
  <testcase classname="com.admin.test.LoginFlow" name="Forgotpassword" time="45.204"/>
  <system-out/>
</testsuite> <!-- com.admin.test.LoginFlow -->
