<?xml version="1.0" encoding="UTF-8"?>
<!-- Generated by org.testng.reporters.JUnitReportReporter -->
<testsuite hostname="TISLAP21" failures="0" tests="2" name="com.admin.test.dashBoardFlow" time="38.427" errors="0" timestamp="2022-08-01T22:31:25 IST" skipped="0">
  <testcase classname="com.admin.test.dashBoardFlow" name="ValidCredentials" time="26.191"/>
  <system-out/>
  <testcase classname="com.admin.test.dashBoardFlow" name="checkViewIcon" time="12.236"/>
  <system-out/>
</testsuite> <!-- com.admin.test.dashBoardFlow -->
