<?xml version="1.0" encoding="UTF-8"?>
<!-- Generated by org.testng.reporters.JUnitReportReporter -->
<testsuite hostname="TISLAP21" failures="0" tests="18" name="com.pracportal.test.CoverageFlow" time="184.366" errors="0" timestamp="2021-08-03T12:50:49 IST" skipped="0">
  <testcase classname="com.pracportal.test.CoverageFlow" name="ValidCredentials" time="13.529"/>
  <system-out/>
  <testcase classname="com.pracportal.test.CoverageFlow" name="Verifythewhetherthecoveragemodulecolorinitactivationtime" time="5.654"/>
  <system-out/>
  <testcase classname="com.pracportal.test.CoverageFlow" name="Verifytheerrormessageforthemandatoryfields" time="4.272"/>
  <system-out/>
  <testcase classname="com.pracportal.test.CoverageFlow" name="VerifytheerrormessagefortheDOB" time="11.378"/>
  <system-out/>
  <testcase classname="com.pracportal.test.CoverageFlow" name="VerifytheerrormessageforthEPayer" time="21.647"/>
  <system-out/>
  <testcase classname="com.pracportal.test.CoverageFlow" name="VerifytheerrormessagefortheInsuranceID" time="13.129"/>
  <system-out/>
  <testcase classname="com.pracportal.test.CoverageFlow" name="DropownViewAndScroll" time="9.415"/>
  <system-out/>
  <testcase classname="com.pracportal.test.CoverageFlow" name="CoverageScreenPractisePro" time="12.463"/>
  <system-out/>
  <testcase classname="com.pracportal.test.CoverageFlow" name="CoverageScreenPractiseProRecentLookups" time="5.097"/>
  <system-out/>
  <testcase classname="com.pracportal.test.CoverageFlow" name="proproviderLogout" time="7.348"/>
  <system-out/>
  <testcase classname="com.pracportal.test.CoverageFlow" name="Loginasnonregisteredprovider" time="11.013"/>
  <system-out/>
  <testcase classname="com.pracportal.test.CoverageFlow" name="CoverageScreennonregisteredProvider" time="12.735"/>
  <system-out/>
  <testcase classname="com.pracportal.test.CoverageFlow" name="CoverageScreenNonregisteredProRecentLookups" time="9.014"/>
  <system-out/>
  <testcase classname="com.pracportal.test.CoverageFlow" name="nonregisteredproviderLogout" time="7.373"/>
  <system-out/>
  <testcase classname="com.pracportal.test.CoverageFlow" name="Loginplusprovider" time="10.993"/>
  <system-out/>
  <testcase classname="com.pracportal.test.CoverageFlow" name="CoverageScreenproProvider" time="12.912"/>
  <system-out/>
  <testcase classname="com.pracportal.test.CoverageFlow" name="CoverageScreenplusproviderRecentLookups" time="9.042"/>
  <system-out/>
  <testcase classname="com.pracportal.test.CoverageFlow" name="plusproviderLogout" time="7.352"/>
  <system-out/>
</testsuite> <!-- com.pracportal.test.CoverageFlow -->
