<?xml version="1.0" encoding="UTF-8"?>
<!-- Generated by org.testng.reporters.JUnitReportReporter -->
<testsuite hostname="TISLAP21" failures="0" tests="6" name="com.pracportal.test.SignUpFlow" time="119.128" errors="0" timestamp="2021-08-05T20:41:53 IST" skipped="0">
  <testcase classname="com.pracportal.test.SignUpFlow" name="signupwithemptydata" time="13.703"/>
  <system-out/>
  <testcase classname="com.pracportal.test.SignUpFlow" name="signupwithalreadyregmail" time="18.236"/>
  <system-out/>
  <testcase classname="com.pracportal.test.SignUpFlow" name="passwordnotmatch" time="14.726"/>
  <system-out/>
  <testcase classname="com.pracportal.test.SignUpFlow" name="Incorrectmail" time="26.077"/>
  <system-out/>
  <testcase classname="com.pracportal.test.SignUpFlow" name="InvalidNPI" time="15.638"/>
  <system-out/>
  <testcase classname="com.pracportal.test.SignUpFlow" name="signup" time="30.748"/>
  <system-out/>
</testsuite> <!-- com.pracportal.test.SignUpFlow -->
