<?xml version="1.0" encoding="UTF-8"?>
<!-- Generated by org.testng.reporters.JUnitReportReporter -->
<testsuite hostname="TISLAP21" failures="0" tests="15" name="com.pracportal.test.ClaimsFlow" time="202.563" errors="0" timestamp="2021-08-03T14:43:34 IST" skipped="0">
  <testcase classname="com.pracportal.test.ClaimsFlow" name="Loginaspractiseproprovider" time="11.441"/>
  <system-out/>
  <testcase classname="com.pracportal.test.ClaimsFlow" name="VerifythesearchfunctionalityforPatientname" time="11.724"/>
  <system-out/>
  <testcase classname="com.pracportal.test.ClaimsFlow" name="VerifythesearchfunctionalityforPractititonername" time="17.562"/>
  <system-out/>
  <testcase classname="com.pracportal.test.ClaimsFlow" name="VerifythesearchfunctionalityforPatientnamewithspecificdaterange" time="24.117"/>
  <system-out/>
  <testcase classname="com.pracportal.test.ClaimsFlow" name="VerifythesearchfunctionalityforPractitonenamewithspecificdaterange" time="24.302"/>
  <system-out/>
  <testcase classname="com.pracportal.test.ClaimsFlow" name="Verfiythescrollableviewofthetable" time="18.734"/>
  <system-out/>
  <testcase classname="com.pracportal.test.ClaimsFlow" name="Verifytheservicedatesortingorderupanddownarrows" time="15.935"/>
  <system-out/>
  <testcase classname="com.pracportal.test.ClaimsFlow" name="VerifythePatientsortingorderupanddownarrows" time="10.501"/>
  <system-out/>
  <testcase classname="com.pracportal.test.ClaimsFlow" name="VerifytheVisitFeesortingorderupanddownarrows" time="10.370"/>
  <system-out/>
  <testcase classname="com.pracportal.test.ClaimsFlow" name="VerifythePayersortingorderupanddownarrows" time="10.375"/>
  <system-out/>
  <testcase classname="com.pracportal.test.ClaimsFlow" name="VerifythePractitionersortingorderupanddownarrows" time="10.778"/>
  <system-out/>
  <testcase classname="com.pracportal.test.ClaimsFlow" name="Logout" time="7.427"/>
  <system-out/>
  <testcase classname="com.pracportal.test.ClaimsFlow" name="Loginasbasixprovider" time="11.107"/>
  <system-out/>
  <testcase classname="com.pracportal.test.ClaimsFlow" name="BasicproviderLogout" time="7.381"/>
  <system-out/>
  <testcase classname="com.pracportal.test.ClaimsFlow" name="Loginasnonregisteredprovider" time="10.809"/>
  <system-out/>
</testsuite> <!-- com.pracportal.test.ClaimsFlow -->
