<?xml version="1.0" encoding="UTF-8"?>
<!-- Generated by org.testng.reporters.JUnitReportReporter -->
<testsuite hostname="TISLAP21" failures="0" tests="14" name="com.pracportal.test.PractitionerPortal" time="155.237" errors="0" timestamp="2021-08-10T17:03:30 IST" skipped="0">
  <testcase classname="com.pracportal.test.PractitionerPortal" name="ValidCredentials" time="28.359"/>
  <system-out/>
  <testcase classname="com.pracportal.test.PractitionerPortal" name="Service_date_sorting" time="17.313"/>
  <system-out/>
  <testcase classname="com.pracportal.test.PractitionerPortal" name="Patient_sorting_order" time="10.359"/>
  <system-out/>
  <testcase classname="com.pracportal.test.PractitionerPortal" name="Visit_Fee_sorting_order" time="10.388"/>
  <system-out/>
  <testcase classname="com.pracportal.test.PractitionerPortal" name="Payer_sorting_order" time="10.381"/>
  <system-out/>
  <testcase classname="com.pracportal.test.PractitionerPortal" name="Practitioner_sorting_order" time="10.348"/>
  <system-out/>
  <testcase classname="com.pracportal.test.PractitionerPortal" name="Coverage_colore_initactivation_time" time="4.465"/>
  <system-out/>
  <testcase classname="com.pracportal.test.PractitionerPortal" name="Error_message_for_mandatoryfields" time="4.306"/>
  <system-out/>
  <testcase classname="com.pracportal.test.PractitionerPortal" name="Error_message_for_DOB" time="11.409"/>
  <system-out/>
  <testcase classname="com.pracportal.test.PractitionerPortal" name="Error_message_for_Payer" time="8.776"/>
  <system-out/>
  <testcase classname="com.pracportal.test.PractitionerPortal" name="Error_message_for_InsuranceID" time="12.023"/>
  <system-out/>
  <testcase classname="com.pracportal.test.PractitionerPortal" name="Drop_down_View" time="9.474"/>
  <system-out/>
  <testcase classname="com.pracportal.test.PractitionerPortal" name="Recent_Lookups" time="5.242"/>
  <system-out/>
  <testcase classname="com.pracportal.test.PractitionerPortal" name="Check_coverage" time="12.394"/>
  <system-out/>
</testsuite> <!-- com.pracportal.test.PractitionerPortal -->
