<?xml version="1.0" encoding="UTF-8"?>
<!-- Generated by org.testng.reporters.JUnitReportReporter -->
<testsuite hostname="TISLAP21" failures="0" tests="7" name="com.pracportal.test.LoginFlow" time="76.330" errors="0" timestamp="2022-07-31T10:13:26 IST" skipped="0">
  <testcase classname="com.pracportal.test.LoginFlow" name="EmptyCredentials" time="5.471"/>
  <system-out/>
  <testcase classname="com.pracportal.test.LoginFlow" name="InvalidCredentialsBoth" time="11.356"/>
  <system-out/>
  <testcase classname="com.pracportal.test.LoginFlow" name="InvalidEmailValidPass" time="12.161"/>
  <system-out/>
  <testcase classname="com.pracportal.test.LoginFlow" name="ValidEmailInvalidPass" time="12.001"/>
  <system-out/>
  <testcase classname="com.pracportal.test.LoginFlow" name="EmptyMailvalidpassword" time="6.554"/>
  <system-out/>
  <testcase classname="com.pracportal.test.LoginFlow" name="ValidMailEmptydpassword" time="6.544"/>
  <system-out/>
  <testcase classname="com.pracportal.test.LoginFlow" name="ValidCredentials" time="22.243"/>
  <system-out/>
</testsuite> <!-- com.pracportal.test.LoginFlow -->
