<?xml version="1.0" encoding="UTF-8"?>
<!-- Generated by org.testng.reporters.JUnitReportReporter -->
<testsuite hostname="TISLAP30" failures="0" tests="17" name="com.admin.test.TextMessagingFlow" time="344.056" errors="0" timestamp="2022-09-16T11:50:30 IST" skipped="0">
  <testcase classname="com.admin.test.TextMessagingFlow" name="Login" time="13.970"/>
  <system-out/>
  <testcase classname="com.admin.test.TextMessagingFlow" name="openAllMsgs" time="11.395"/>
  <system-out/>
  <testcase classname="com.admin.test.TextMessagingFlow" name="SndMessage" time="20.583"/>
  <system-out/>
  <testcase classname="com.admin.test.TextMessagingFlow" name="TextBlast" time="19.731"/>
  <system-out/>
  <testcase classname="com.admin.test.TextMessagingFlow" name="cancel" time="10.929"/>
  <system-out/>
  <testcase classname="com.admin.test.TextMessagingFlow" name="SndEmptyMessage" time="18.525"/>
  <system-out/>
  <testcase classname="com.admin.test.TextMessagingFlow" name="SndMessagewithoutnumber" time="18.427"/>
  <system-out/>
  <testcase classname="com.admin.test.TextMessagingFlow" name="sndmsgbyselectinganothervumbernumber" time="91.476"/>
  <system-out/>
  <testcase classname="com.admin.test.TextMessagingFlow" name="Refresh" time="8.566"/>
  <system-out/>
  <testcase classname="com.admin.test.TextMessagingFlow" name="opensentonlyMsgs" time="8.965"/>
  <system-out/>
  <testcase classname="com.admin.test.TextMessagingFlow" name="SndMessagethroughsentonlymsgs" time="20.070"/>
  <system-out/>
  <testcase classname="com.admin.test.TextMessagingFlow" name="TextBlastthroughsend" time="18.823"/>
  <system-out/>
  <testcase classname="com.admin.test.TextMessagingFlow" name="cancelbuttoninsentonly" time="20.683"/>
  <system-out/>
  <testcase classname="com.admin.test.TextMessagingFlow" name="SndEmptyMessageinsentonly" time="17.675"/>
  <system-out/>
  <testcase classname="com.admin.test.TextMessagingFlow" name="SndMessagewithoutnumberinsentonly" time="17.758"/>
  <system-out/>
  <testcase classname="com.admin.test.TextMessagingFlow" name="sndmsgbyselectinganothervumbernumberinsentonly" time="18.118"/>
  <system-out/>
  <testcase classname="com.admin.test.TextMessagingFlow" name="Refreshinsentonly" time="8.362"/>
  <system-out/>
</testsuite> <!-- com.admin.test.TextMessagingFlow -->
