<?xml version="1.0" encoding="UTF-8"?>
<!-- Generated by org.testng.reporters.JUnitReportReporter -->
<testsuite hostname="TISLAP30" failures="0" tests="25" name="com.admin.test.TextMessagingFlow" time="422.058" errors="0" timestamp="2022-09-16T16:45:17 IST" skipped="0">
  <testcase classname="com.admin.test.TextMessagingFlow" name="Login" time="14.639"/>
  <system-out/>
  <testcase classname="com.admin.test.TextMessagingFlow" name="openAllMsgs" time="28.775"/>
  <system-out/>
  <testcase classname="com.admin.test.TextMessagingFlow" name="SndMessage" time="20.757"/>
  <system-out/>
  <testcase classname="com.admin.test.TextMessagingFlow" name="TextBlast" time="19.631"/>
  <system-out/>
  <testcase classname="com.admin.test.TextMessagingFlow" name="cancel" time="10.730"/>
  <system-out/>
  <testcase classname="com.admin.test.TextMessagingFlow" name="SndEmptyMessage" time="18.869"/>
  <system-out/>
  <testcase classname="com.admin.test.TextMessagingFlow" name="SndMessagewithoutnumber" time="19.043"/>
  <system-out/>
  <testcase classname="com.admin.test.TextMessagingFlow" name="sndmsgbyselectinganothervumbernumber" time="19.696"/>
  <system-out/>
  <testcase classname="com.admin.test.TextMessagingFlow" name="Refresh" time="8.708"/>
  <system-out/>
  <testcase classname="com.admin.test.TextMessagingFlow" name="openreceivedonlyMsgs" time="18.892"/>
  <system-out/>
  <testcase classname="com.admin.test.TextMessagingFlow" name="SndMessagethroughReceivedonlymsgs" time="18.686"/>
  <system-out/>
  <testcase classname="com.admin.test.TextMessagingFlow" name="TextBlastthroughreceived" time="19.250"/>
  <system-out/>
  <testcase classname="com.admin.test.TextMessagingFlow" name="cancelbuttonreceivedonly" time="11.431"/>
  <system-out/>
  <testcase classname="com.admin.test.TextMessagingFlow" name="SndEmptyMessaeReceivedonly" time="18.329"/>
  <system-out/>
  <testcase classname="com.admin.test.TextMessagingFlow" name="SndMessagewithoutnumberinreceivedonly" time="18.532"/>
  <system-out/>
  <testcase classname="com.admin.test.TextMessagingFlow" name="sndmsgbyselectinganothervumbernumberinreceivedonly" time="19.545"/>
  <system-out/>
  <testcase classname="com.admin.test.TextMessagingFlow" name="RefreshReceivedonly" time="8.387"/>
  <system-out/>
  <testcase classname="com.admin.test.TextMessagingFlow" name="opensentonlyMsgs" time="9.550"/>
  <system-out/>
  <testcase classname="com.admin.test.TextMessagingFlow" name="SndMessagethroughsentonlymsgs" time="18.865"/>
  <system-out/>
  <testcase classname="com.admin.test.TextMessagingFlow" name="TextBlastthroughsend" time="19.882"/>
  <system-out/>
  <testcase classname="com.admin.test.TextMessagingFlow" name="cancelbuttoninsentonly" time="11.800"/>
  <system-out/>
  <testcase classname="com.admin.test.TextMessagingFlow" name="SndEmptyMessageinsentonly" time="18.485"/>
  <system-out/>
  <testcase classname="com.admin.test.TextMessagingFlow" name="SndMessagewithoutnumberinsentonly" time="19.556"/>
  <system-out/>
  <testcase classname="com.admin.test.TextMessagingFlow" name="sndmsgbyselectinganothervumbernumberinsentonly" time="20.091"/>
  <system-out/>
  <testcase classname="com.admin.test.TextMessagingFlow" name="Refreshinsentonly" time="9.929"/>
  <system-out/>
</testsuite> <!-- com.admin.test.TextMessagingFlow -->
